<?xml version="1.0" encoding="UTF-8"?>
<coverage generated="1744819635632" clover="3.2.0">
  <project timestamp="1744819635633" name="All files">
    <metrics statements="28" coveredstatements="28" conditionals="12" coveredconditionals="12" methods="5" coveredmethods="5" elements="45" coveredelements="45" complexity="0" loc="28" ncloc="28" packages="2" files="2" classes="2"/>
    <package name="src">
      <metrics statements="3" coveredstatements="3" conditionals="0" coveredconditionals="0" methods="0" coveredmethods="0"/>
      <file name="main.jsx" path="E:\Workspace\ReactWorkspace\react-vite-counter\src\main.jsx">
        <metrics statements="3" coveredstatements="3" conditionals="0" coveredconditionals="0" methods="0" coveredmethods="0"/>
        <line num="1" count="1" type="stmt"/>
        <line num="2" count="1" type="stmt"/>
        <line num="4" count="1" type="stmt"/>
      </file>
    </package>
    <package name="src.components">
      <metrics statements="25" coveredstatements="25" conditionals="12" coveredconditionals="12" methods="5" coveredmethods="5"/>
      <file name="App.jsx" path="E:\Workspace\ReactWorkspace\react-vite-counter\src\components\App.jsx">
        <metrics statements="25" coveredstatements="25" conditionals="12" coveredconditionals="12" methods="5" coveredmethods="5"/>
        <line num="1" count="1" type="stmt"/>
        <line num="2" count="1" type="stmt"/>
        <line num="4" count="1" type="cond" truecount="1" falsecount="0"/>
        <line num="5" count="12" type="stmt"/>
        <line num="7" count="12" type="stmt"/>
        <line num="11" count="12" type="stmt"/>
        <line num="16" count="12" type="stmt"/>
        <line num="19" count="12" type="cond" truecount="1" falsecount="0"/>
        <line num="20" count="12" type="cond" truecount="2" falsecount="0"/>
        <line num="27" count="12" type="stmt"/>
        <line num="28" count="12" type="stmt"/>
        <line num="29" count="12" type="stmt"/>
        <line num="30" count="12" type="stmt"/>
        <line num="31" count="12" type="cond" truecount="2" falsecount="0"/>
        <line num="33" count="12" type="stmt"/>
        <line num="34" count="12" type="cond" truecount="2" falsecount="0"/>
        <line num="36" count="12" type="stmt"/>
        <line num="37" count="12" type="cond" truecount="2" falsecount="0"/>
        <line num="39" count="12" type="stmt"/>
        <line num="40" count="12" type="cond" truecount="2" falsecount="0"/>
        <line num="42" count="12" type="stmt"/>
        <line num="43" count="12" type="stmt"/>
        <line num="44" count="12" type="stmt"/>
        <line num="46" count="12" type="stmt"/>
        <line num="48" count="1" type="stmt"/>
      </file>
    </package>
  </project>
</coverage>
