{"E:\\Workspace\\ReactWorkspace\\react-vite-counter\\src\\main.jsx": {"path":"E:\\Workspace\\ReactWorkspace\\react-vite-counter\\src\\main.jsx","all":false,"statementMap":{"0":{"start":{"line":1,"column":0},"end":{"line":1,"column":46}},"1":{"start":{"line":2,"column":0},"end":{"line":2,"column":35}},"3":{"start":{"line":4,"column":0},"end":{"line":4,"column":60}}},"s":{"0":1,"1":1,"3":1},"branchMap":{},"b":{},"fnMap":{},"f":{}}
,"E:\\Workspace\\ReactWorkspace\\react-vite-counter\\src\\components\\App.jsx": {"path":"E:\\Workspace\\ReactWorkspace\\react-vite-counter\\src\\components\\App.jsx","all":false,"statementMap":{"0":{"start":{"line":1,"column":0},"end":{"line":1,"column":33}},"1":{"start":{"line":2,"column":0},"end":{"line":2,"column":37}},"3":{"start":{"line":4,"column":0},"end":{"line":4,"column":19}},"4":{"start":{"line":5,"column":0},"end":{"line":5,"column":40}},"6":{"start":{"line":7,"column":0},"end":{"line":7,"column":29}},"10":{"start":{"line":11,"column":0},"end":{"line":11,"column":25}},"15":{"start":{"line":16,"column":0},"end":{"line":16,"column":31}},"18":{"start":{"line":19,"column":0},"end":{"line":19,"column":34}},"19":{"start":{"line":20,"column":0},"end":{"line":20,"column":66}},"26":{"start":{"line":27,"column":0},"end":{"line":27,"column":10}},"27":{"start":{"line":28,"column":0},"end":{"line":28,"column":6}},"28":{"start":{"line":29,"column":0},"end":{"line":29,"column":45}},"29":{"start":{"line":30,"column":0},"end":{"line":30,"column":11}},"30":{"start":{"line":31,"column":0},"end":{"line":31,"column":77}},"32":{"start":{"line":33,"column":0},"end":{"line":33,"column":17}},"33":{"start":{"line":34,"column":0},"end":{"line":34,"column":69}},"35":{"start":{"line":36,"column":0},"end":{"line":36,"column":17}},"36":{"start":{"line":37,"column":0},"end":{"line":37,"column":78}},"38":{"start":{"line":39,"column":0},"end":{"line":39,"column":17}},"39":{"start":{"line":40,"column":0},"end":{"line":40,"column":69}},"41":{"start":{"line":42,"column":0},"end":{"line":42,"column":17}},"42":{"start":{"line":43,"column":0},"end":{"line":43,"column":12}},"43":{"start":{"line":44,"column":0},"end":{"line":44,"column":7}},"45":{"start":{"line":46,"column":0},"end":{"line":46,"column":2}},"47":{"start":{"line":48,"column":0},"end":{"line":48,"column":19}}},"s":{"0":1,"1":1,"3":1,"4":12,"6":12,"10":12,"15":12,"18":12,"19":12,"26":12,"27":12,"28":12,"29":12,"30":12,"32":12,"33":12,"35":12,"36":12,"38":12,"39":12,"41":12,"42":12,"43":12,"45":12,"47":1},"branchMap":{"0":{"type":"branch","line":4,"loc":{"start":{"line":4,"column":12},"end":{"line":46,"column":2}},"locations":[{"start":{"line":4,"column":12},"end":{"line":46,"column":2}}]},"1":{"type":"branch","line":19,"loc":{"start":{"line":19,"column":24},"end":{"line":20,"column":64}},"locations":[{"start":{"line":19,"column":24},"end":{"line":20,"column":64}}]},"2":{"type":"branch","line":20,"loc":{"start":{"line":20,"column":12},"end":{"line":20,"column":44}},"locations":[{"start":{"line":20,"column":12},"end":{"line":20,"column":44}}]},"3":{"type":"branch","line":20,"loc":{"start":{"line":20,"column":22},"end":{"line":20,"column":64}},"locations":[{"start":{"line":20,"column":22},"end":{"line":20,"column":64}}]},"4":{"type":"branch","line":31,"loc":{"start":{"line":31,"column":25},"end":{"line":31,"column":69}},"locations":[{"start":{"line":31,"column":25},"end":{"line":31,"column":69}}]},"5":{"type":"branch","line":31,"loc":{"start":{"line":31,"column":40},"end":{"line":31,"column":66}},"locations":[{"start":{"line":31,"column":40},"end":{"line":31,"column":66}}]},"6":{"type":"branch","line":34,"loc":{"start":{"line":34,"column":25},"end":{"line":34,"column":69}},"locations":[{"start":{"line":34,"column":25},"end":{"line":34,"column":69}}]},"7":{"type":"branch","line":34,"loc":{"start":{"line":34,"column":40},"end":{"line":34,"column":66}},"locations":[{"start":{"line":34,"column":40},"end":{"line":34,"column":66}}]},"8":{"type":"branch","line":37,"loc":{"start":{"line":37,"column":25},"end":{"line":37,"column":70}},"locations":[{"start":{"line":37,"column":25},"end":{"line":37,"column":70}}]},"9":{"type":"branch","line":37,"loc":{"start":{"line":37,"column":40},"end":{"line":37,"column":67}},"locations":[{"start":{"line":37,"column":40},"end":{"line":37,"column":67}}]},"10":{"type":"branch","line":40,"loc":{"start":{"line":40,"column":25},"end":{"line":40,"column":69}},"locations":[{"start":{"line":40,"column":25},"end":{"line":40,"column":69}}]},"11":{"type":"branch","line":40,"loc":{"start":{"line":40,"column":40},"end":{"line":40,"column":66}},"locations":[{"start":{"line":40,"column":40},"end":{"line":40,"column":66}}]}},"b":{"0":[12],"1":[48],"2":[24],"3":[24],"4":[1],"5":[1],"6":[1],"7":[1],"8":[2],"9":[2],"10":[2],"11":[2]},"fnMap":{"0":{"name":"App","decl":{"start":{"line":4,"column":12},"end":{"line":46,"column":2}},"loc":{"start":{"line":4,"column":12},"end":{"line":46,"column":2}},"line":4},"1":{"name":"onClick","decl":{"start":{"line":31,"column":25},"end":{"line":31,"column":69}},"loc":{"start":{"line":31,"column":25},"end":{"line":31,"column":69}},"line":31},"2":{"name":"onClick","decl":{"start":{"line":34,"column":25},"end":{"line":34,"column":69}},"loc":{"start":{"line":34,"column":25},"end":{"line":34,"column":69}},"line":34},"3":{"name":"onClick","decl":{"start":{"line":37,"column":25},"end":{"line":37,"column":70}},"loc":{"start":{"line":37,"column":25},"end":{"line":37,"column":70}},"line":37},"4":{"name":"onClick","decl":{"start":{"line":40,"column":25},"end":{"line":40,"column":69}},"loc":{"start":{"line":40,"column":25},"end":{"line":40,"column":69}},"line":40}},"f":{"0":12,"1":1,"2":1,"3":2,"4":2}}
}
